This is XeTeX, Version 3.14159265-2.6-0.99999 (MiKTeX 2.9.6880 64-bit) (preloaded format=xelatex 2018.11.26)  3 JAN 2019 21:52
entering extended mode
**./experience.tex
(experience.tex
LaTeX2e <2018-04-01> patch level 5

! LaTeX Error: Environment rubric undefined.

See the LaTeX manual or LaTeX Companion for explanation.
Type  H <return>  for immediate help.
 ...                                              
                                                  
l.1 \begin{rubric}
                  {Research Experience}
Your command was ignored.
Type  I <command> <return>  to replace it with another command,
or  <return>  to continue without it.


! LaTeX Error: Missing \begin{document}.

See the LaTeX manual or LaTeX Companion for explanation.
Type  H <return>  for immediate help.
 ...                                              
                                                  
l.1 \begin{rubric}{R
                    esearch Experience}
You're in trouble here.  Try typing  <return>  to proceed.
If that doesn't work, type  X <return>  to quit.

Missing character: There is no R in font nullfont!
Missing character: There is no e in font nullfont!
Missing character: There is no s in font nullfont!
Missing character: There is no e in font nullfont!
Missing character: There is no a in font nullfont!
Missing character: There is no r in font nullfont!
Missing character: There is no c in font nullfont!
Missing character: There is no h in font nullfont!
Missing character: There is no E in font nullfont!
Missing character: There is no x in font nullfont!
Missing character: There is no p in font nullfont!
Missing character: There is no e in font nullfont!
Missing character: There is no r in font nullfont!
Missing character: There is no i in font nullfont!
Missing character: There is no e in font nullfont!
Missing character: There is no n in font nullfont!
Missing character: There is no c in font nullfont!
Missing character: There is no e in font nullfont!

Overfull \hbox (20.0pt too wide) in paragraph at lines 1--2
[]
 []

! Undefined control sequence.
l.3 \entry
          *[Oct 2014 {---} \textit{Present}]
The control sequence at the end of the top line
of your error message was never \def'ed. If you have
misspelled it (e.g., `\hobx'), type `I' and the correct
spelling (e.g., `I\hbox'). Otherwise just continue,
and I'll forget about whatever was undefined.


! LaTeX Error: Missing \begin{document}.

See the LaTeX manual or LaTeX Companion for explanation.
Type  H <return>  for immediate help.
 ...                                              
                                                  
l.3 \entry*
           [Oct 2014 {---} \textit{Present}]
You're in trouble here.  Try typing  <return>  to proceed.
If that doesn't work, type  X <return>  to quit.

Missing character: There is no * in font nullfont!
Missing character: There is no [ in font nullfont!
Missing character: There is no O in font nullfont!
Missing character: There is no c in font nullfont!
Missing character: There is no t in font nullfont!
Missing character: There is no 2 in font nullfont!
Missing character: There is no 0 in font nullfont!
Missing character: There is no 1 in font nullfont!
Missing character: There is no 4 in font nullfont!
Missing character: There is no - in font nullfont!
Missing character: There is no - in font nullfont!
Missing character: There is no - in font nullfont!
Missing character: There is no ] in font nullfont!

Overfull \hbox (20.0pt too wide) in paragraph at lines 3--4
[]
 []


Overfull \hbox (32.72pt too wide) in paragraph at lines 3--4
\TU/lmr/m/it/10 Present
 []


Overfull \hbox (29.59pt too wide) in paragraph at lines 3--4
\TU/lmr/bx/n/10 Grad-
 []


Overfull \hbox (10.22pt too wide) in paragraph at lines 3--4
\TU/lmr/bx/n/10 u-
 []


Overfull \hbox (15.33pt too wide) in paragraph at lines 3--4
\TU/lmr/bx/n/10 ate
 []


Overfull \hbox (17.73pt too wide) in paragraph at lines 3--4
\TU/lmr/bx/n/10 Re-
 []


Overfull \hbox (31.32pt too wide) in paragraph at lines 3--4
\TU/lmr/bx/n/10 search
 []


Overfull \hbox (18.37pt too wide) in paragraph at lines 3--4
\TU/lmr/bx/n/10 and
 []


Overfull \hbox (32.91pt too wide) in paragraph at lines 3--4
\TU/lmr/bx/n/10 Teach-
 []


Overfull \hbox (15.33pt too wide) in paragraph at lines 3--4
\TU/lmr/bx/n/10 ing
 []


Overfull \hbox (17.06pt too wide) in paragraph at lines 3--4
\TU/lmr/bx/n/10 As-
 []


Overfull \hbox (16.1pt too wide) in paragraph at lines 3--4
\TU/lmr/bx/n/10 sis-
 []


Overfull \hbox (20.6pt too wide) in paragraph at lines 3--4
\TU/lmr/bx/n/10 tant 
 []


! LaTeX Error: Missing \begin{document}.

See the LaTeX manual or LaTeX Companion for explanation.
Type  H <return>  for immediate help.
 ...                                              
                                                  
l.4 ...ate Research and Teaching Assistant} \par D
                                                  epartment of Psychology, P...

You're in trouble here.  Try typing  <return>  to proceed.
If that doesn't work, type  X <return>  to quit.

Missing character: There is no D in font nullfont!
Missing character: There is no e in font nullfont!
Missing character: There is no p in font nullfont!
Missing character: There is no a in font nullfont!
Missing character: There is no r in font nullfont!
Missing character: There is no t in font nullfont!
Missing character: There is no m in font nullfont!
Missing character: There is no e in font nullfont!
Missing character: There is no n in font nullfont!
Missing character: There is no t in font nullfont!
Missing character: There is no o in font nullfont!
Missing character: There is no f in font nullfont!
Missing character: There is no P in font nullfont!
Missing character: There is no s in font nullfont!
Missing character: There is no y in font nullfont!
Missing character: There is no c in font nullfont!
Missing character: There is no h in font nullfont!
Missing character: There is no o in font nullfont!
Missing character: There is no l in font nullfont!
Missing character: There is no o in font nullfont!
Missing character: There is no g in font nullfont!
Missing character: There is no y in font nullfont!
Missing character: There is no , in font nullfont!
Missing character: There is no P in font nullfont!
Missing character: There is no h in font nullfont!
Missing character: There is no i in font nullfont!
Missing character: There is no l in font nullfont!
Missing character: There is no i in font nullfont!
Missing character: There is no p in font nullfont!
Missing character: There is no p in font nullfont!
Missing character: There is no s in font nullfont!
Missing character: There is no - in font nullfont!
Missing character: There is no U in font nullfont!
Missing character: There is no n in font nullfont!
Missing character: There is no i in font nullfont!
Missing character: There is no v in font nullfont!
Missing character: There is no e in font nullfont!
Missing character: There is no r in font nullfont!
Missing character: There is no s in font nullfont!
Missing character: There is no i in font nullfont!
Missing character: There is no t in font nullfont!
LaTeX Font Info:    Try loading font information for OT1+lmr on input line 4.
("C:\Users\Jose\AppData\Local\Programs\MiKTeX 2.9\tex\latex\lm\ot1lmr.fd"
File: ot1lmr.fd 2009/10/30 v1.6 Font defs for Latin Modern
)
LaTeX Font Info:    Try loading font information for +lmr on input line 4.
LaTeX Font Info:    No file lmr.fd. on input line 4.
LaTeX Font Info:    Try loading font information for +cmr on input line 4.
LaTeX Font Info:    No file cmr.fd. on input line 4.


LaTeX Font Warning: Font shape `/lmr/m/n' undefined
(Font)              using `/cmr/m/n' instead on input line 4.


LaTeX Font Warning: Font shape `/cmr/m/n' undefined
(Font)              using `/cmr/m/n' instead on input line 4.

! Corrupted NFSS tables.
wrong@fontshape ...message {Corrupted NFSS tables}
                                                  error@fontshape else let f...
l.4 ...rtment of Psychology, Philipps-Universit\"a
                                                  t Marburg, Germany
This error message was generated by an \errmessage
command, so I can't give any explicit help.
Pretend that you're Hercule Poirot: Examine all clues,
and deduce the truth by order and method.


LaTeX Font Warning: Font shape `/cmr/m/n' undefined
(Font)              using `OT1/cmr/m/n' instead on input line 4.


LaTeX Font Warning: Font shape `/lmr/m/n' undefined
(Font)              using `/cmr/m/n' instead on input line 4.

Missing character: There is no t in font nullfont!
Missing character: There is no M in font nullfont!
Missing character: There is no a in font nullfont!
Missing character: There is no r in font nullfont!
Missing character: There is no b in font nullfont!
Missing character: There is no u in font nullfont!
Missing character: There is no r in font nullfont!
Missing character: There is no g in font nullfont!
Missing character: There is no , in font nullfont!
Missing character: There is no G in font nullfont!
Missing character: There is no e in font nullfont!
Missing character: There is no r in font nullfont!
Missing character: There is no m in font nullfont!
Missing character: There is no a in font nullfont!
Missing character: There is no n in font nullfont!
Missing character: There is no y in font nullfont!

Overfull \hbox (20.0pt too wide) in paragraph at lines 4--5
[]
 []


Overfull \hbox (10.00002pt too wide) in paragraph at lines 4--5
\OT1/lmr/m/n/10 ^^?\/cmr/m/n/10 a
 []

! Undefined control sequence.
l.6 \entry
          *[Oct 2014 {---} \textit{Present}]
The control sequence at the end of the top line
of your error message was never \def'ed. If you have
misspelled it (e.g., `\hobx'), type `I' and the correct
spelling (e.g., `I\hbox'). Otherwise just continue,
and I'll forget about whatever was undefined.


! LaTeX Error: Missing \begin{document}.

See the LaTeX manual or LaTeX Companion for explanation.
Type  H <return>  for immediate help.
 ...                                              
                                                  
l.6 \entry*
           [Oct 2014 {---} \textit{Present}]
You're in trouble here.  Try typing  <return>  to proceed.
If that doesn't work, type  X <return>  to quit.

Missing character: There is no * in font nullfont!
Missing character: There is no [ in font nullfont!
Missing character: There is no O in font nullfont!
Missing character: There is no c in font nullfont!
Missing character: There is no t in font nullfont!
Missing character: There is no 2 in font nullfont!
Missing character: There is no 0 in font nullfont!
Missing character: There is no 1 in font nullfont!
Missing character: There is no 4 in font nullfont!
Missing character: There is no - in font nullfont!
Missing character: There is no - in font nullfont!
Missing character: There is no - in font nullfont!
Missing character: There is no ] in font nullfont!
Missing character: There is no ( in font nullfont!
Missing character: There is no P in font nullfont!
Missing character: There is no I in font nullfont!
Missing character: There is no : in font nullfont!
Missing character: There is no M in font nullfont!
Missing character: There is no a in font nullfont!
Missing character: There is no r in font nullfont!
Missing character: There is no t in font nullfont!
Missing character: There is no i in font nullfont!
Missing character: There is no n in font nullfont!
Missing character: There is no P in font nullfont!
Missing character: There is no e in font nullfont!
Missing character: There is no p in font nullfont!
Missing character: There is no e in font nullfont!
Missing character: There is no r in font nullfont!
Missing character: There is no , in font nullfont!
Missing character: There is no P in font nullfont!
Missing character: There is no h in font nullfont!
Missing character: There is no D in font nullfont!
Missing character: There is no ) in font nullfont!

Overfull \hbox (20.0pt too wide) in paragraph at lines 6--7
[]
 []


Overfull \hbox (32.72pt too wide) in paragraph at lines 6--7
\TU/lmr/m/it/10 Present
 []


Overfull \hbox (18.9pt too wide) in paragraph at lines 6--7
\TU/lmr/bx/n/10 Lab
 []


Overfull \hbox (26.73pt too wide) in paragraph at lines 6--7
\TU/lmr/bx/n/10 Man-
 []


Overfull \hbox (24.54001pt too wide) in paragraph at lines 6--7
\TU/lmr/bx/n/10 ager,
 []


Overfull \hbox (24.49pt too wide) in paragraph at lines 6--7
\TU/lmr/bx/n/10 Neu-
 []


Overfull \hbox (20.71pt too wide) in paragraph at lines 6--7
\TU/lmr/bx/n/10 rop-
 []


Overfull \hbox (28.49pt too wide) in paragraph at lines 6--7
\TU/lmr/bx/n/10 schol-
 []


Overfull \hbox (17.57pt too wide) in paragraph at lines 6--7
\TU/lmr/bx/n/10 ogy
 []


Overfull \hbox (18.9pt too wide) in paragraph at lines 6--7
\TU/lmr/bx/n/10 Lab
 []


! LaTeX Error: Missing \begin{document}.

See the LaTeX manual or LaTeX Companion for explanation.
Type  H <return>  for immediate help.
 ...                                              
                                                  
l.7 ...chology Lab} (PI: Martin Peper, PhD) \par D
                                                  epartment of Psychology, P...

You're in trouble here.  Try typing  <return>  to proceed.
If that doesn't work, type  X <return>  to quit.

Missing character: There is no D in font nullfont!
Missing character: There is no e in font nullfont!
Missing character: There is no p in font nullfont!
Missing character: There is no a in font nullfont!
Missing character: There is no r in font nullfont!
Missing character: There is no t in font nullfont!
Missing character: There is no m in font nullfont!
Missing character: There is no e in font nullfont!
Missing character: There is no n in font nullfont!
Missing character: There is no t in font nullfont!
Missing character: There is no o in font nullfont!
Missing character: There is no f in font nullfont!
Missing character: There is no P in font nullfont!
Missing character: There is no s in font nullfont!
Missing character: There is no y in font nullfont!
Missing character: There is no c in font nullfont!
Missing character: There is no h in font nullfont!
Missing character: There is no o in font nullfont!
Missing character: There is no l in font nullfont!
Missing character: There is no o in font nullfont!
Missing character: There is no g in font nullfont!
Missing character: There is no y in font nullfont!
Missing character: There is no , in font nullfont!
Missing character: There is no P in font nullfont!
Missing character: There is no h in font nullfont!
Missing character: There is no i in font nullfont!
Missing character: There is no l in font nullfont!
Missing character: There is no i in font nullfont!
Missing character: There is no p in font nullfont!
Missing character: There is no p in font nullfont!
Missing character: There is no s in font nullfont!
Missing character: There is no - in font nullfont!
Missing character: There is no U in font nullfont!
Missing character: There is no n in font nullfont!
Missing character: There is no i in font nullfont!
Missing character: There is no v in font nullfont!
Missing character: There is no e in font nullfont!
Missing character: There is no r in font nullfont!
Missing character: There is no s in font nullfont!
Missing character: There is no i in font nullfont!
Missing character: There is no t in font nullfont!
Missing character: There is no t in font nullfont!
Missing character: There is no M in font nullfont!
Missing character: There is no a in font nullfont!
Missing character: There is no r in font nullfont!
Missing character: There is no b in font nullfont!
Missing character: There is no u in font nullfont!
Missing character: There is no r in font nullfont!
Missing character: There is no g in font nullfont!
Missing character: There is no , in font nullfont!
Missing character: There is no G in font nullfont!
Missing character: There is no e in font nullfont!
Missing character: There is no r in font nullfont!
Missing character: There is no m in font nullfont!
Missing character: There is no a in font nullfont!
Missing character: There is no n in font nullfont!
Missing character: There is no y in font nullfont!
Missing character: There is no . in font nullfont!

Overfull \hbox (20.0pt too wide) in paragraph at lines 7--8
[]
 []


Overfull \hbox (5.00002pt too wide) in paragraph at lines 7--8
[]\/lmr/m/n/10 a
 []

! Undefined control sequence.
l.9 \entry
          *[Oct 2018]
The control sequence at the end of the top line
of your error message was never \def'ed. If you have
misspelled it (e.g., `\hobx'), type `I' and the correct
spelling (e.g., `I\hbox'). Otherwise just continue,
and I'll forget about whatever was undefined.


! LaTeX Error: Missing \begin{document}.

See the LaTeX manual or LaTeX Companion for explanation.
Type  H <return>  for immediate help.
 ...                                              
                                                  
l.9 \entry*
           [Oct 2018]
You're in trouble here.  Try typing  <return>  to proceed.
If that doesn't work, type  X <return>  to quit.

Missing character: There is no * in font nullfont!
Missing character: There is no [ in font nullfont!
Missing character: There is no O in font nullfont!
Missing character: There is no c in font nullfont!
Missing character: There is no t in font nullfont!
Missing character: There is no 2 in font nullfont!
Missing character: There is no 0 in font nullfont!
Missing character: There is no 1 in font nullfont!
Missing character: There is no 8 in font nullfont!
Missing character: There is no ] in font nullfont!
Runaway argument?
{Visiting Researcher, 
! Paragraph ended before \text@command was complete.
<to be read again> 
                   \par 
l.10 ...or Cognitive Neuroimaging and Stimulation}
                                                   (PI: Travis E., PhD) \par...
I suspect you've forgotten a `}', causing me to apply this
control sequence to too much text. How can we recover?
My plan is to forget the whole thing and hope for the best.


Overfull \hbox (20.0pt too wide) in paragraph at lines 9--10
[]
 []


! LaTeX Error: Missing \begin{document}.

See the LaTeX manual or LaTeX Companion for explanation.
Type  H <return>  for immediate help.
 ...                                              
                                                  
l.10 ...or Cognitive Neuroimaging and Stimulation}
                                                   (PI: Travis E., PhD) \par...

You're in trouble here.  Try typing  <return>  to proceed.
If that doesn't work, type  X <return>  to quit.

Missing character: There is no B in font nullfont!
Missing character: There is no a in font nullfont!
Missing character: There is no k in font nullfont!
Missing character: There is no e in font nullfont!
Missing character: There is no r in font nullfont!
Missing character: There is no L in font nullfont!
Missing character: There is no a in font nullfont!
Missing character: There is no b in font nullfont!
Missing character: There is no . in font nullfont!
Missing character: There is no f in font nullfont!
Missing character: There is no o in font nullfont!
Missing character: There is no r in font nullfont!
Missing character: There is no C in font nullfont!
Missing character: There is no o in font nullfont!
Missing character: There is no g in font nullfont!
Missing character: There is no n in font nullfont!
Missing character: There is no i in font nullfont!
Missing character: There is no t in font nullfont!
Missing character: There is no i in font nullfont!
Missing character: There is no v in font nullfont!
Missing character: There is no e in font nullfont!
Missing character: There is no N in font nullfont!
Missing character: There is no e in font nullfont!
Missing character: There is no u in font nullfont!
Missing character: There is no r in font nullfont!
Missing character: There is no o in font nullfont!
Missing character: There is no i in font nullfont!
Missing character: There is no m in font nullfont!
Missing character: There is no a in font nullfont!
Missing character: There is no g in font nullfont!
Missing character: There is no i in font nullfont!
Missing character: There is no n in font nullfont!
Missing character: There is no g in font nullfont!
Missing character: There is no a in font nullfont!
Missing character: There is no n in font nullfont!
Missing character: There is no d in font nullfont!
Missing character: There is no S in font nullfont!
Missing character: There is no t in font nullfont!
Missing character: There is no i in font nullfont!
Missing character: There is no m in font nullfont!
Missing character: There is no u in font nullfont!
Missing character: There is no l in font nullfont!
Missing character: There is no a in font nullfont!
Missing character: There is no t in font nullfont!
Missing character: There is no i in font nullfont!
Missing character: There is no o in font nullfont!
Missing character: There is no n in font nullfont!

Overfull \hbox (20.0pt too wide) in paragraph at lines 10--10
[]
 []


Overfull \hbox (20.25pt too wide) in paragraph at lines 10--10
\TU/lmr/bx/n/10 Vis-
 []


Overfull \hbox (11.49pt too wide) in paragraph at lines 10--10
\TU/lmr/bx/n/10 it-
 []


Overfull \hbox (15.33pt too wide) in paragraph at lines 10--10
\TU/lmr/bx/n/10 ing
 []


Overfull \hbox (17.73pt too wide) in paragraph at lines 10--10
\TU/lmr/bx/n/10 Re-
 []


Overfull \hbox (44.52pt too wide) in paragraph at lines 10--10
\TU/lmr/bx/n/10 searcher, 
 []


! LaTeX Error: Missing \begin{document}.

See the LaTeX manual or LaTeX Companion for explanation.
Type  H <return>  for immediate help.
 ...                                              
                                                  
l.10 ...or Cognitive Neuroimaging and Stimulation}
                                                   (PI: Travis E., PhD) \par...

You're in trouble here.  Try typing  <return>  to proceed.
If that doesn't work, type  X <return>  to quit.

! Extra }, or forgotten \endgroup.
<recently read> \egroup 
                        
l.10 ...or Cognitive Neuroimaging and Stimulation}
                                                   (PI: Travis E., PhD) \par...
I've deleted a group-closing symbol because it seems to be
spurious, as in `$x}$'. But perhaps the } is legitimate and
you forgot something else, as in `\hbox{$x}'. In such cases
the way to recover is to insert both the forgotten and the
deleted material, e.g., by typing `I$}'.


Overfull \hbox (49.53pt too wide) in paragraph at lines 10--10
[]\TU/lmr/bx/n/10 Baker
 []


Overfull \hbox (22.09pt too wide) in paragraph at lines 10--10
\TU/lmr/bx/n/10 Lab.
 []


Overfull \hbox (14.0pt too wide) in paragraph at lines 10--10
\TU/lmr/bx/n/10 for
 []


Overfull \hbox (23.64pt too wide) in paragraph at lines 10--10
\TU/lmr/bx/n/10 Cog-
 []


Overfull \hbox (13.41pt too wide) in paragraph at lines 10--10
\TU/lmr/bx/n/10 ni-
 []


Overfull \hbox (18.68001pt too wide) in paragraph at lines 10--10
\TU/lmr/bx/n/10 tive
 []


Overfull \hbox (24.49pt too wide) in paragraph at lines 10--10
\TU/lmr/bx/n/10 Neu-
 []


Overfull \hbox (38.43001pt too wide) in paragraph at lines 10--10
\TU/lmr/bx/n/10 roimag-
 []


Overfull \hbox (15.33pt too wide) in paragraph at lines 10--10
\TU/lmr/bx/n/10 ing
 []


Overfull \hbox (18.37pt too wide) in paragraph at lines 10--10
\TU/lmr/bx/n/10 and
 []


Overfull \hbox (27.46pt too wide) in paragraph at lines 10--10
\TU/lmr/bx/n/10 Stim-
 []


Overfull \hbox (10.22pt too wide) in paragraph at lines 10--10
\TU/lmr/bx/n/10 u-
 []


Overfull \hbox (12.61pt too wide) in paragraph at lines 10--10
\TU/lmr/bx/n/10 la-
 []


Overfull \hbox (19.8pt too wide) in paragraph at lines 10--10
\TU/lmr/bx/n/10 tion
 []


Overfull \hbox (19.88pt too wide) in paragraph at lines 10--10
\TU/lmr/bx/n/10 (PI:
 []


Overfull \hbox (30.85pt too wide) in paragraph at lines 10--10
\TU/lmr/bx/n/10 Travis
 []


Overfull \hbox (13.94pt too wide) in paragraph at lines 10--10
\TU/lmr/bx/n/10 E.,
 []


Overfull \hbox (27.54001pt too wide) in paragraph at lines 10--10
\TU/lmr/bx/n/10 PhD) 
 []


! LaTeX Error: Missing \begin{document}.

See the LaTeX manual or LaTeX Companion for explanation.
Type  H <return>  for immediate help.
 ...                                              
                                                  
l.10 ...d Stimulation} (PI: Travis E., PhD) \par C
                                                  enter for Molecular and Be...

You're in trouble here.  Try typing  <return>  to proceed.
If that doesn't work, type  X <return>  to quit.


Overfull \hbox (54.13pt too wide) in paragraph at lines 10--11
[]\TU/lmr/bx/n/10 Center
 []


Overfull \hbox (14.0pt too wide) in paragraph at lines 10--11
\TU/lmr/bx/n/10 for
 []


Overfull \hbox (34.07pt too wide) in paragraph at lines 10--11
\TU/lmr/bx/n/10 Molec-
 []


Overfull \hbox (10.22pt too wide) in paragraph at lines 10--11
\TU/lmr/bx/n/10 u-
 []


Overfull \hbox (13.52pt too wide) in paragraph at lines 10--11
\TU/lmr/bx/n/10 lar
 []


Overfull \hbox (18.37pt too wide) in paragraph at lines 10--11
\TU/lmr/bx/n/10 and
 []


Overfull \hbox (17.28pt too wide) in paragraph at lines 10--11
\TU/lmr/bx/n/10 Be-
 []


Overfull \hbox (46.58pt too wide) in paragraph at lines 10--11
\TU/lmr/bx/n/10 havioural
 []


Overfull \hbox (24.49pt too wide) in paragraph at lines 10--11
\TU/lmr/bx/n/10 Neu-
 []


Overfull \hbox (14.32pt too wide) in paragraph at lines 10--11
\TU/lmr/bx/n/10 ro-
 []


Overfull \hbox (38.07pt too wide) in paragraph at lines 10--11
\TU/lmr/bx/n/10 science,
 []


Overfull \hbox (23.0pt too wide) in paragraph at lines 10--11
\TU/lmr/bx/n/10 Rut-
 []


Overfull \hbox (20.3pt too wide) in paragraph at lines 10--11
\TU/lmr/bx/n/10 gers
 []


Overfull \hbox (22.26pt too wide) in paragraph at lines 10--11
\TU/lmr/bx/n/10 Uni-
 []


Overfull \hbox (19.59pt too wide) in paragraph at lines 10--11
\TU/lmr/bx/n/10 ver-
 []


Overfull \hbox (20.18001pt too wide) in paragraph at lines 10--11
\TU/lmr/bx/n/10 sity,
 []


Overfull \hbox (20.88pt too wide) in paragraph at lines 10--11
\TU/lmr/bx/n/10 NY. 
 []


! LaTeX Error: \begin{document} ended by \end{rubric}.

See the LaTeX manual or LaTeX Companion for explanation.
Type  H <return>  for immediate help.
 ...                                              
                                                  
l.13 \end{rubric}
                 
Your command was ignored.
Type  I <command> <return>  to replace it with another command,
or  <return>  to continue without it.

)
! Emergency stop.
<*> ./experience.tex
                    
*** (job aborted, no legal \end found)

 
Here is how much of TeX's memory you used:
 55 strings out of 427792
 1080 string characters out of 3147943
 65170 words of memory out of 3000000
 4146 multiletter control sequences out of 15000+200000
 6599 words of font info for 17 fonts, out of 3000000 for 9000
 1328 hyphenation exceptions out of 8191
 22i,1n,16p,271b,144s stack positions out of 5000i,500n,10000p,200000b,50000s
No pages of output.
